[debug] [2023-03-06T23:18:37.056Z] ----------------------------------------------------------------------
[debug] [2023-03-06T23:18:37.057Z] Command:       /home/morgan/.nvm/versions/node/v16.16.0/bin/node /home/morgan/.nvm/versions/node/v16.16.0/bin/firebase init hosting
[debug] [2023-03-06T23:18:37.058Z] CLI Version:   11.21.0
[debug] [2023-03-06T23:18:37.058Z] Platform:      linux
[debug] [2023-03-06T23:18:37.058Z] Node Version:  v16.16.0
[debug] [2023-03-06T23:18:37.062Z] Time:          Mon Mar 06 2023 16:18:37 GMT-0700 (Mountain Standard Time)
[debug] [2023-03-06T23:18:37.062Z] ----------------------------------------------------------------------
[debug] 
[debug] [2023-03-06T23:18:37.065Z] >>> [apiv2][query] GET https://firebase-public.firebaseio.com/cli.json [none]
[debug] [2023-03-06T23:18:37.083Z] > command requires scopes: ["email","openid","https://www.googleapis.com/auth/cloudplatformprojects.readonly","https://www.googleapis.com/auth/firebase","https://www.googleapis.com/auth/cloud-platform"]
[debug] [2023-03-06T23:18:37.083Z] > authorizing via signed-in user (mwongsuwan@gmail.com)
[info] 
     ######## #### ########  ######## ########     ###     ######  ########
     ##        ##  ##     ## ##       ##     ##  ##   ##  ##       ##
     ######    ##  ########  ######   ########  #########  ######  ######
     ##        ##  ##    ##  ##       ##     ## ##     ##       ## ##
     ##       #### ##     ## ######## ########  ##     ##  ######  ########

You're about to initialize a Firebase project in this directory:

  /home/morgan/goal-a

[info] 
=== Project Setup
[info] 
[info] First, let's associate this project directory with a Firebase project.
[info] You can create multiple project aliases by running firebase use --add, 
[info] but for now we'll just set up a default project.
[info] 
[debug] [2023-03-06T23:18:37.291Z] <<< [apiv2][status] GET https://firebase-public.firebaseio.com/cli.json 200
[debug] [2023-03-06T23:18:37.292Z] <<< [apiv2][body] GET https://firebase-public.firebaseio.com/cli.json {"cloudBuildErrorAfter":1594252800000,"cloudBuildWarnAfter":1590019200000,"defaultNode10After":1594252800000,"minVersion":"3.0.5","node8DeploysDisabledAfter":1613390400000,"node8RuntimeDisabledAfter":1615809600000,"node8WarnAfter":1600128000000}
[debug] [2023-03-06T23:18:44.099Z] > refreshing access token with scopes: []
[debug] [2023-03-06T23:18:44.100Z] >>> [apiv2][query] POST https://www.googleapis.com/oauth2/v3/token [none]
[debug] [2023-03-06T23:18:44.100Z] >>> [apiv2][body] POST https://www.googleapis.com/oauth2/v3/token [omitted]
[debug] [2023-03-06T23:18:44.297Z] <<< [apiv2][status] POST https://www.googleapis.com/oauth2/v3/token 200
[debug] [2023-03-06T23:18:44.298Z] <<< [apiv2][body] POST https://www.googleapis.com/oauth2/v3/token [omitted]
[debug] [2023-03-06T23:18:44.315Z] >>> [apiv2][query] GET https://firebase.googleapis.com/v1beta1/projects pageSize=100
[debug] [2023-03-06T23:18:44.728Z] <<< [apiv2][status] GET https://firebase.googleapis.com/v1beta1/projects 200
[debug] [2023-03-06T23:18:44.728Z] <<< [apiv2][body] GET https://firebase.googleapis.com/v1beta1/projects [omitted]
[info] i  Using project goal-a (goal-a) 
[info] 
=== Hosting Setup
[info] 
[info] Your public directory is the folder (relative to your project directory) that
[info] will contain Hosting assets to be uploaded with firebase deploy. If you
[info] have a build process for your assets, use your build's output directory.
[info] 
[info] ✔  Wrote public/404.html 
[debug] [2023-03-06T23:19:08.235Z] >>> [apiv2][query] GET https://www.gstatic.com/firebasejs/releases.json [none]
[debug] [2023-03-06T23:19:08.326Z] <<< [apiv2][status] GET https://www.gstatic.com/firebasejs/releases.json 200
[debug] [2023-03-06T23:19:08.326Z] <<< [apiv2][body] GET https://www.gstatic.com/firebasejs/releases.json {"current":{"version":"9.17.2","browserURL":"https://www.gstatic.com/firebasejs/9.17.2/firebase.js","packageURL":"https://www.gstatic.com/firebasejs/9.17.2/firebase.tgz"},"live":{"version":"9.17","browserURL":"https://www.gstatic.com/firebasejs/live/9.17/firebase.js","packageURL":"https://www.gstatic.com/firebasejs/live/9.17/firebase.tgz"},"components":{"analytics":"https://www.gstatic.com/firebasejs/9.17.2/firebase-analytics.js","app":"https://www.gstatic.com/firebasejs/9.17.2/firebase-app.js","app-check":"https://www.gstatic.com/firebasejs/9.17.2/firebase-app-check.js","auth":"https://www.gstatic.com/firebasejs/9.17.2/firebase-auth.js","auth/cordova":"https://www.gstatic.com/firebasejs/9.17.2/firebase-auth/cordova.js","auth/react-native":"https://www.gstatic.com/firebasejs/9.17.2/firebase-auth/react-native.js","functions":"https://www.gstatic.com/firebasejs/9.17.2/firebase-functions.js","firestore":"https://www.gstatic.com/firebasejs/9.17.2/firebase-firestore.js","firestore/lite":"https://www.gstatic.com/firebasejs/9.17.2/firebase-firestore/lite.js","installations":"https://www.gstatic.com/firebasejs/9.17.2/firebase-installations.js","storage":"https://www.gstatic.com/firebasejs/9.17.2/firebase-storage.js","performance":"https://www.gstatic.com/firebasejs/9.17.2/firebase-performance.js","remote-config":"https://www.gstatic.com/firebasejs/9.17.2/firebase-remote-config.js","messaging":"https://www.gstatic.com/firebasejs/9.17.2/firebase-messaging.js","messaging/sw":"https://www.gstatic.com/firebasejs/9.17.2/firebase-messaging/sw.js","database":"https://www.gstatic.com/firebasejs/9.17.2/firebase-database.js","firestore.memory":"https://www.gstatic.com/firebasejs/9.17.2/firebase-firestore.memory.js"}}
[info] i  Skipping write of public/index.html 
[info] 
[info] i  Detected a .git folder at /home/morgan/goal-a 
[info] i  Authorizing with GitHub to upload your service account to a GitHub repository's secrets store. 
[info] 
[info] Visit this URL on this device to log in:
[info] https://github.com/login/oauth/authorize?client_id=89cf50f02ac6aaed3484&state=804891444&redirect_uri=http%3A%2F%2Flocalhost%3A9005&scope=read%3Auser%20repo%20public_repo
[info] 
[info] Waiting for authentication...
[debug] [2023-03-06T23:19:15.692Z] >>> [apiv2][query] POST https://github.com/login/oauth/access_token [none]
[debug] [2023-03-06T23:19:15.693Z] >>> [apiv2][body] POST https://github.com/login/oauth/access_token [stream]
[debug] [2023-03-06T23:19:16.356Z] <<< [apiv2][status] POST https://github.com/login/oauth/access_token 200
[debug] [2023-03-06T23:19:16.356Z] <<< [apiv2][body] POST https://github.com/login/oauth/access_token {"access_token":"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","token_type":"bearer","scope":"read:user,repo"}
[debug] [2023-03-06T23:19:16.362Z] >>> [apiv2][query] GET https://api.github.com/user [none]
[debug] [2023-03-06T23:19:16.787Z] <<< [apiv2][status] GET https://api.github.com/user 200
[debug] [2023-03-06T23:19:16.788Z] <<< [apiv2][body] GET https://api.github.com/user {"login":"m-wongsuwan","id":107223448,"node_id":"U_kgDOBmQZmA","avatar_url":"https://avatars.githubusercontent.com/u/107223448?v=4","gravatar_id":"","url":"https://api.github.com/users/m-wongsuwan","html_url":"https://github.com/m-wongsuwan","followers_url":"https://api.github.com/users/m-wongsuwan/followers","following_url":"https://api.github.com/users/m-wongsuwan/following{/other_user}","gists_url":"https://api.github.com/users/m-wongsuwan/gists{/gist_id}","starred_url":"https://api.github.com/users/m-wongsuwan/starred{/owner}{/repo}","subscriptions_url":"https://api.github.com/users/m-wongsuwan/subscriptions","organizations_url":"https://api.github.com/users/m-wongsuwan/orgs","repos_url":"https://api.github.com/users/m-wongsuwan/repos","events_url":"https://api.github.com/users/m-wongsuwan/events{/privacy}","received_events_url":"https://api.github.com/users/m-wongsuwan/received_events","type":"User","site_admin":false,"name":null,"company":null,"blog":"","location":null,"email":null,"hireable":null,"bio":null,"twitter_username":null,"public_repos":8,"public_gists":0,"followers":2,"following":0,"created_at":"2022-06-09T22:20:51Z","updated_at":"2023-01-12T16:36:58Z","private_gists":0,"total_private_repos":9,"owned_private_repos":9,"disk_usage":48988,"collaborators":1,"two_factor_authentication":false,"plan":{"name":"free","space":976562499,"collaborators":0,"private_repos":10000}}
[info] 
[info] ✔  Success! Logged into GitHub as m-wongsuwan 
[info] 
